<?xml version="1.0" encoding="UTF-8"?>
<!-- Generated by org.testng.reporters.JUnitXMLReporter -->
<testsuite ignored="2" hostname="HYDHTC569315L" failures="0" tests="2" name="Test" time="0.049" errors="0" timestamp="2023-07-31T08:29:14 IST">
  <testcase classname="TestNG_Groups.Invocation1" name="test1" time="0.007"/>
  <testcase classname="TestNG_Groups.Inocation2" name="test2" time="0.001"/>
  <testcase classname="TestNG_Groups.Invocation1" name="test2" time="0.0">
    <ignored/>
  </testcase> <!-- test2 -->
  <testcase classname="TestNG_Groups.Inocation2" name="test1" time="0.0">
    <ignored/>
  </testcase> <!-- test1 -->
</testsuite> <!-- Test -->
