<?xml version="1.0" encoding="UTF-8"?>
<testng-results ignored="0" total="1" passed="1" failed="0" skipped="0">
  <reporter-output>
  </reporter-output>
  <suite started-at="2023-07-31T08:52:57 IST" name="Default suite" finished-at="2023-07-31T08:53:07 IST" duration-ms="10677">
    <groups>
    </groups>
    <test started-at="2023-07-31T08:52:57 IST" name="Default test" finished-at="2023-07-31T08:53:07 IST" duration-ms="10677">
      <class name="TestNG.Assertions">
        <test-method is-config="true" signature="openApp()[pri:0, instance:TestNG.Assertions@2dc54ad4]" started-at="2023-07-31T08:52:57 IST" name="openApp" finished-at="2023-07-31T08:53:02 IST" duration-ms="5158" status="PASS">
          <reporter-output>
          </reporter-output>
        </test-method> <!-- openApp -->
        <test-method signature="Login()[pri:0, instance:TestNG.Assertions@2dc54ad4]" started-at="2023-07-31T08:53:02 IST" name="Login" finished-at="2023-07-31T08:53:07 IST" duration-ms="5330" status="PASS">
          <reporter-output>
          </reporter-output>
        </test-method> <!-- Login -->
        <test-method is-config="true" signature="closeApp()[pri:0, instance:TestNG.Assertions@2dc54ad4]" started-at="2023-07-31T08:53:07 IST" name="closeApp" finished-at="2023-07-31T08:53:07 IST" duration-ms="151" status="PASS">
          <reporter-output>
          </reporter-output>
        </test-method> <!-- closeApp -->
      </class> <!-- TestNG.Assertions -->
    </test> <!-- Default test -->
  </suite> <!-- Default suite -->
</testng-results>
